INFO 2022-08-11 22:19:02,582 basehttp 16266 123145444319232 "GET /about/ HTTP/1.1" 200 6889
INFO 2022-08-11 22:19:04,272 basehttp 16266 123145444319232 "GET /home/ HTTP/1.1" 200 10425
INFO 2022-08-11 22:25:56,780 basehttp 16266 123145444319232 "GET /department HTTP/1.1" 301 0
INFO 2022-08-11 22:25:56,791 basehttp 16266 123145444319232 "GET /department/ HTTP/1.1" 200 4012
INFO 2022-08-11 22:25:57,684 basehttp 16266 123145444319232 "GET /employee/ HTTP/1.1" 200 5304
INFO 2022-08-11 22:25:58,583 basehttp 16266 123145444319232 "GET /home/ HTTP/1.1" 200 10425
INFO 2022-08-11 22:25:59,616 basehttp 16266 123145444319232 "GET /result/ HTTP/1.1" 200 3840
INFO 2022-08-11 22:26:02,985 basehttp 16266 123145444319232 "POST /result/ HTTP/1.1" 200 4272
INFO 2022-08-11 22:26:04,069 basehttp 16266 123145444319232 "GET /about/ HTTP/1.1" 200 6889
INFO 2022-08-11 22:26:06,493 basehttp 16266 123145444319232 "GET /result/ HTTP/1.1" 200 3840
INFO 2022-08-11 22:26:07,217 basehttp 16266 123145444319232 "GET /about/ HTTP/1.1" 200 6889
INFO 2022-08-11 22:56:55,582 basehttp 16266 123145444319232 "GET /logout HTTP/1.1" 301 0
INFO 2022-08-11 22:56:55,592 basehttp 16266 123145444319232 "GET /logout/ HTTP/1.1" 200 282
INFO 2022-08-11 22:56:57,054 basehttp 16266 123145444319232 "POST /logout/ HTTP/1.1" 302 0
INFO 2022-08-11 22:56:57,059 basehttp 16266 123145444319232 "GET /login HTTP/1.1" 301 0
INFO 2022-08-11 22:56:57,067 basehttp 16266 123145444319232 "GET /login/ HTTP/1.1" 200 2013
INFO 2022-08-11 23:13:31,952 autoreload 21545 4665980416 Watching for file changes with StatReloader
INFO 2022-08-11 23:13:42,877 basehttp 16266 123145444319232 "GET / HTTP/1.1" 200 86
WARNING 2022-08-11 23:13:43,230 log 16266 123145444319232 Not Found: /favicon.ico
WARNING 2022-08-11 23:13:43,231 basehttp 16266 123145444319232 "GET /favicon.ico HTTP/1.1" 404 4411
INFO 2022-08-11 23:13:45,781 basehttp 16266 123145444319232 "GET /logout HTTP/1.1" 301 0
INFO 2022-08-11 23:13:45,790 basehttp 16266 123145444319232 "GET /logout/ HTTP/1.1" 200 282
INFO 2022-08-11 23:13:47,174 basehttp 16266 123145444319232 "POST /logout/ HTTP/1.1" 302 0
INFO 2022-08-11 23:13:47,178 basehttp 16266 123145444319232 "GET /login HTTP/1.1" 301 0
INFO 2022-08-11 23:13:47,183 basehttp 16266 123145444319232 "GET /login/ HTTP/1.1" 200 2013
INFO 2022-08-11 23:14:50,115 basehttp 16266 123145444319232 "POST /login/ HTTP/1.1" 302 0
INFO 2022-08-11 23:14:50,118 basehttp 16266 123145444319232 "GET /home HTTP/1.1" 301 0
INFO 2022-08-11 23:14:50,136 basehttp 16266 123145444319232 "GET /home/ HTTP/1.1" 200 10425
INFO 2022-08-11 23:16:30,504 basehttp 16266 123145444319232 "GET /employee HTTP/1.1" 301 0
INFO 2022-08-11 23:16:30,517 basehttp 16266 123145444319232 "GET /employee/ HTTP/1.1" 200 5304
INFO 2022-08-11 23:17:47,975 basehttp 16266 123145444319232 "GET /department HTTP/1.1" 301 0
INFO 2022-08-11 23:17:47,986 basehttp 16266 123145444319232 "GET /department/ HTTP/1.1" 200 4012
INFO 2022-08-11 23:18:01,302 basehttp 16266 123145444319232 "GET /employee/ HTTP/1.1" 200 5304
INFO 2022-08-11 23:19:28,604 basehttp 16266 123145444319232 "GET /department/ HTTP/1.1" 200 4012
INFO 2022-08-11 23:20:39,957 basehttp 16266 123145444319232 "GET /employee/ HTTP/1.1" 200 5304
INFO 2022-08-11 23:20:47,414 basehttp 16266 123145444319232 "GET /createEmployee HTTP/1.1" 301 0
INFO 2022-08-11 23:20:47,438 basehttp 16266 123145444319232 "GET /createEmployee/ HTTP/1.1" 200 3844
INFO 2022-08-11 23:21:06,670 basehttp 16266 123145444319232 "POST /createEmployee/ HTTP/1.1" 302 0
INFO 2022-08-11 23:21:06,674 basehttp 16266 123145444319232 "GET /employee HTTP/1.1" 301 0
INFO 2022-08-11 23:21:06,688 basehttp 16266 123145444319232 "GET /employee/ HTTP/1.1" 200 5453
INFO 2022-08-11 23:22:21,506 basehttp 16266 123145444319232 "GET /department/ HTTP/1.1" 200 4012
INFO 2022-08-11 23:22:25,597 basehttp 16266 123145444319232 "GET /createDepartment HTTP/1.1" 301 0
INFO 2022-08-11 23:22:25,609 basehttp 16266 123145444319232 "GET /createDepartment/ HTTP/1.1" 200 3749
INFO 2022-08-11 23:22:44,333 basehttp 16266 123145444319232 "POST /createDepartment/ HTTP/1.1" 302 0
INFO 2022-08-11 23:22:44,338 basehttp 16266 123145444319232 "GET /department HTTP/1.1" 301 0
INFO 2022-08-11 23:22:44,349 basehttp 16266 123145444319232 "GET /department/ HTTP/1.1" 200 4141
INFO 2022-08-11 23:23:05,748 basehttp 16266 123145444319232 "GET /result HTTP/1.1" 301 0
INFO 2022-08-11 23:23:05,758 basehttp 16266 123145444319232 "GET /result/ HTTP/1.1" 200 3840
INFO 2022-08-11 23:25:56,491 basehttp 16266 123145444319232 "POST /result/ HTTP/1.1" 200 4272
INFO 2022-08-11 23:26:32,091 basehttp 16266 123145444319232 "POST /result/ HTTP/1.1" 200 3840
INFO 2022-08-11 23:27:05,784 basehttp 16266 123145444319232 "GET /home/ HTTP/1.1" 200 11126
INFO 2022-08-11 23:32:23,689 basehttp 16266 123145444319232 "GET /result/ HTTP/1.1" 200 3840
INFO 2022-08-11 23:32:26,892 basehttp 16266 123145444319232 "GET /about HTTP/1.1" 301 0
INFO 2022-08-11 23:32:26,907 basehttp 16266 123145444319232 "GET /about/ HTTP/1.1" 200 6889
INFO 2022-08-11 23:33:08,682 basehttp 16266 123145444319232 "GET /admin/auth/user/ HTTP/1.1" 200 23226
INFO 2022-08-11 23:33:08,723 basehttp 16266 123145477898240 "GET /static/jazzmin/css/main.css HTTP/1.1" 200 16672
INFO 2022-08-11 23:33:08,724 basehttp 16266 123145494687744 "GET /static/vendor/select2/css/select2.min.css HTTP/1.1" 200 16264
INFO 2022-08-11 23:33:08,727 basehttp 16266 123145444319232 "GET /static/vendor/fontawesome-free/css/all.min.css HTTP/1.1" 200 59344
INFO 2022-08-11 23:33:08,735 basehttp 16266 123145477898240 "GET /static/admin/js/jquery.init.js HTTP/1.1" 200 347
INFO 2022-08-11 23:33:08,736 basehttp 16266 123145494687744 "GET /static/admin/js/core.js HTTP/1.1" 200 5698
INFO 2022-08-11 23:33:08,738 basehttp 16266 123145444319232 "GET /static/admin/js/admin/RelatedObjectLookups.js HTTP/1.1" 200 8919
INFO 2022-08-11 23:33:08,746 basehttp 16266 123145494687744 "GET /static/admin/js/urlify.js HTTP/1.1" 200 7902
INFO 2022-08-11 23:33:08,753 basehttp 16266 123145477898240 "GET /static/admin/js/actions.js HTTP/1.1" 200 7872
INFO 2022-08-11 23:33:08,754 basehttp 16266 123145511477248 "GET /admin/jsi18n/ HTTP/1.1" 200 3343
INFO 2022-08-11 23:33:08,755 basehttp 16266 123145444319232 "GET /static/admin/js/prepopulate.js HTTP/1.1" 200 1531
INFO 2022-08-11 23:33:08,760 basehttp 16266 123145528266752 "GET /static/admin/js/vendor/jquery/jquery.js HTTP/1.1" 200 288580
INFO 2022-08-11 23:33:08,761 basehttp 16266 123145494687744 "GET /static/admin/js/vendor/xregexp/xregexp.js HTTP/1.1" 200 232381
INFO 2022-08-11 23:33:08,765 basehttp 16266 123145461108736 "GET /static/vendor/adminlte/css/adminlte.min.css HTTP/1.1" 200 1382975
INFO 2022-08-11 23:33:08,832 basehttp 16266 123145461108736 "GET /static/vendor/bootstrap/js/bootstrap.min.js HTTP/1.1" 200 62440
INFO 2022-08-11 23:33:08,834 basehttp 16266 123145494687744 "GET /static/vendor/adminlte/js/adminlte.min.js HTTP/1.1" 200 44244
INFO 2022-08-11 23:33:08,858 basehttp 16266 123145494687744 "GET /static/jazzmin/js/main.js HTTP/1.1" 200 2393
INFO 2022-08-11 23:33:08,860 basehttp 16266 123145444319232 "GET /static/vendor/adminlte/img/AdminLTELogo.png HTTP/1.1" 200 2637
INFO 2022-08-11 23:33:08,860 basehttp 16266 123145528266752 "GET /static/jazzmin/js/change_list.js HTTP/1.1" 200 2222
INFO 2022-08-11 23:33:08,861 basehttp 16266 123145511477248 "GET /static/admin/img/icon-no.svg HTTP/1.1" 200 560
INFO 2022-08-11 23:33:08,861 basehttp 16266 123145477898240 "GET /static/admin/img/icon-yes.svg HTTP/1.1" 200 436
INFO 2022-08-11 23:33:08,863 basehttp 16266 123145461108736 "GET /static/vendor/select2/js/select2.min.js HTTP/1.1" 200 73170
INFO 2022-08-11 23:33:08,928 basehttp 16266 123145461108736 "GET /static/vendor/fontawesome-free/webfonts/fa-solid-900.woff2 HTTP/1.1" 200 78196
INFO 2022-08-11 23:33:08,929 basehttp 16266 123145477898240 "GET /static/vendor/fontawesome-free/webfonts/fa-regular-400.woff2 HTTP/1.1" 200 13276
INFO 2022-08-11 23:33:32,452 basehttp 16266 123145477898240 "GET /admin/auth/user/9/change/ HTTP/1.1" 200 31128
INFO 2022-08-11 23:33:32,490 basehttp 16266 123145528266752 "GET /static/admin/js/SelectFilter2.js HTTP/1.1" 200 11317
INFO 2022-08-11 23:33:32,491 basehttp 16266 123145461108736 "GET /static/admin/js/calendar.js HTTP/1.1" 200 8466
INFO 2022-08-11 23:33:32,492 basehttp 16266 123145511477248 "GET /static/admin/js/SelectBox.js HTTP/1.1" 200 4360
INFO 2022-08-11 23:33:32,493 basehttp 16266 123145444319232 "GET /static/admin/js/admin/DateTimeShortcuts.js HTTP/1.1" 200 19379
INFO 2022-08-11 23:33:32,498 basehttp 16266 123145477898240 "GET /admin/jsi18n/ HTTP/1.1" 200 3343
INFO 2022-08-11 23:33:32,574 basehttp 16266 123145477898240 "GET /static/admin/js/change_form.js HTTP/1.1" 200 1043
INFO 2022-08-11 23:33:32,574 basehttp 16266 123145444319232 "GET /static/admin/js/prepopulate_init.js HTTP/1.1" 200 586
INFO 2022-08-11 23:33:32,586 basehttp 16266 123145477898240 "GET /static/jazzmin/js/change_form.js HTTP/1.1" 200 6002
INFO 2022-08-11 23:33:32,587 basehttp 16266 123145444319232 "GET /static/admin/img/icon-addlink.svg HTTP/1.1" 304 0
INFO 2022-08-11 23:33:36,860 basehttp 16266 123145444319232 "GET /static/jazzmin/img/selector-icons.svg HTTP/1.1" 200 3291
INFO 2022-08-11 23:33:47,807 basehttp 16266 123145444319232 "GET / HTTP/1.1" 200 86
INFO 2022-08-11 23:33:49,203 basehttp 16266 123145444319232 "GET /logout/ HTTP/1.1" 200 282
INFO 2022-08-11 23:33:50,752 basehttp 16266 123145444319232 "POST /logout/ HTTP/1.1" 302 0
INFO 2022-08-11 23:33:50,756 basehttp 16266 123145444319232 "GET /login HTTP/1.1" 301 0
INFO 2022-08-11 23:33:50,761 basehttp 16266 123145444319232 "GET /login/ HTTP/1.1" 200 2013
INFO 2022-08-11 23:34:02,433 basehttp 16266 123145444319232 "POST /login/ HTTP/1.1" 200 2118
INFO 2022-08-11 23:34:11,324 basehttp 16266 123145444319232 "POST /login/ HTTP/1.1" 302 0
INFO 2022-08-11 23:34:11,329 basehttp 16266 123145444319232 "GET /home HTTP/1.1" 301 0
INFO 2022-08-11 23:34:11,348 basehttp 16266 123145444319232 "GET /home/ HTTP/1.1" 200 11126
INFO 2022-08-11 23:34:13,595 basehttp 16266 123145444319232 "GET /about/ HTTP/1.1" 200 6889
INFO 2022-08-11 23:34:31,713 basehttp 16266 123145444319232 "GET /admin/auth/user/ HTTP/1.1" 200 23226
INFO 2022-08-11 23:34:31,746 basehttp 16266 123145444319232 "GET /admin/jsi18n/ HTTP/1.1" 200 3343
INFO 2022-08-11 23:34:33,521 basehttp 16266 123145444319232 "GET /admin/auth/user/3/change/ HTTP/1.1" 200 31042
INFO 2022-08-11 23:34:33,557 basehttp 16266 123145444319232 "GET /admin/jsi18n/ HTTP/1.1" 200 3343
INFO 2022-08-11 23:34:52,773 basehttp 16266 123145444319232 "POST /admin/auth/user/3/change/ HTTP/1.1" 302 0
INFO 2022-08-11 23:34:52,819 basehttp 16266 123145444319232 "GET /admin/auth/user/ HTTP/1.1" 200 23796
INFO 2022-08-11 23:34:52,852 basehttp 16266 123145444319232 "GET /admin/jsi18n/ HTTP/1.1" 200 3343
INFO 2022-08-11 23:35:04,708 basehttp 16266 123145444319232 "GET /about/ HTTP/1.1" 200 6906
INFO 2022-08-11 23:35:33,336 basehttp 16266 123145444319232 "GET /admin/base/departmentdata/ HTTP/1.1" 200 16279
INFO 2022-08-11 23:35:33,365 basehttp 16266 123145444319232 "GET /admin/jsi18n/ HTTP/1.1" 200 3343
INFO 2022-08-11 23:35:42,265 basehttp 16266 123145444319232 "GET /admin/base/employeedata/ HTTP/1.1" 200 18802
INFO 2022-08-11 23:35:42,294 basehttp 16266 123145444319232 "GET /admin/jsi18n/ HTTP/1.1" 200 3343
INFO 2022-08-11 23:35:45,195 basehttp 16266 123145444319232 "GET /admin/base/employeedata/9999/change/ HTTP/1.1" 200 16422
INFO 2022-08-11 23:35:45,225 basehttp 16266 123145444319232 "GET /admin/jsi18n/ HTTP/1.1" 200 3343
INFO 2022-08-11 23:35:48,242 basehttp 16266 123145444319232 "GET /admin/base/employeedata/ HTTP/1.1" 200 18802
INFO 2022-08-11 23:35:48,274 basehttp 16266 123145444319232 "GET /admin/jsi18n/ HTTP/1.1" 200 3343
INFO 2022-08-11 23:35:49,419 basehttp 16266 123145444319232 "GET /admin/base/employeedata/7435/change/ HTTP/1.1" 200 16421
INFO 2022-08-11 23:35:49,452 basehttp 16266 123145444319232 "GET /admin/jsi18n/ HTTP/1.1" 200 3343
INFO 2022-08-11 23:36:01,637 basehttp 16266 123145444319232 "POST /admin/base/employeedata/7435/change/ HTTP/1.1" 302 0
INFO 2022-08-11 23:36:01,679 basehttp 16266 123145444319232 "GET /admin/base/employeedata/ HTTP/1.1" 200 19382
INFO 2022-08-11 23:36:01,715 basehttp 16266 123145444319232 "GET /admin/jsi18n/ HTTP/1.1" 200 3343
INFO 2022-08-11 23:36:19,583 basehttp 16266 123145444319232 "GET /result/ HTTP/1.1" 200 3840
INFO 2022-08-11 23:36:31,411 basehttp 16266 123145444319232 "POST /result/ HTTP/1.1" 200 4271
INFO 2022-08-11 23:36:55,451 basehttp 16266 123145444319232 "GET /home/ HTTP/1.1" 200 11131
INFO 2022-08-11 23:37:11,780 basehttp 16266 123145444319232 "GET /admin/base/departmentdata/ HTTP/1.1" 200 16279
INFO 2022-08-11 23:37:11,811 basehttp 16266 123145444319232 "GET /admin/jsi18n/ HTTP/1.1" 200 3343
INFO 2022-08-11 23:37:35,465 basehttp 16266 123145444319232 "GET /admin/base/departmentdata/32/change/ HTTP/1.1" 200 15512
INFO 2022-08-11 23:37:35,498 basehttp 16266 123145444319232 "GET /admin/jsi18n/ HTTP/1.1" 200 3343
INFO 2022-08-11 23:37:45,701 basehttp 16266 123145444319232 "POST /admin/base/departmentdata/32/change/ HTTP/1.1" 302 0
INFO 2022-08-11 23:37:45,734 basehttp 16266 123145444319232 "GET /admin/base/departmentdata/ HTTP/1.1" 200 16862
INFO 2022-08-11 23:37:45,764 basehttp 16266 123145444319232 "GET /admin/jsi18n/ HTTP/1.1" 200 3343
INFO 2022-08-11 23:37:51,399 basehttp 16266 123145444319232 "GET /home/ HTTP/1.1" 200 11133
INFO 2022-08-11 23:38:16,114 basehttp 16266 123145444319232 "GET /logout/ HTTP/1.1" 200 282
INFO 2022-08-11 23:38:22,093 basehttp 16266 123145444319232 "POST /logout/ HTTP/1.1" 302 0
INFO 2022-08-11 23:38:22,098 basehttp 16266 123145444319232 "GET /login HTTP/1.1" 301 0
INFO 2022-08-11 23:38:22,102 basehttp 16266 123145444319232 "GET /login/ HTTP/1.1" 200 2013
INFO 2022-08-11 23:38:33,800 basehttp 16266 123145444319232 "POST /login/ HTTP/1.1" 302 0
INFO 2022-08-11 23:38:33,804 basehttp 16266 123145444319232 "GET /home HTTP/1.1" 301 0
INFO 2022-08-11 23:38:33,821 basehttp 16266 123145444319232 "GET /home/ HTTP/1.1" 200 11133
INFO 2022-08-11 23:38:52,431 basehttp 16266 123145444319232 "GET /result/ HTTP/1.1" 200 3840
INFO 2022-08-12 01:00:47,670 basehttp 16266 123145444319232 "GET /home/ HTTP/1.1" 200 11133
INFO 2022-08-12 01:00:52,181 basehttp 16266 123145444319232 "GET /employee/ HTTP/1.1" 200 5457
INFO 2022-08-12 01:00:53,680 basehttp 16266 123145444319232 "GET /department/ HTTP/1.1" 200 4141
INFO 2022-08-12 01:00:54,861 basehttp 16266 123145444319232 "GET /result/ HTTP/1.1" 200 3840
INFO 2022-08-12 01:00:56,764 basehttp 16266 123145444319232 "GET /about/ HTTP/1.1" 200 6906
INFO 2022-08-12 01:01:05,433 basehttp 16266 123145444319232 "GET /about/ HTTP/1.1" 200 6906
INFO 2022-08-12 01:02:31,913 autoreload 23494 4541806080 Watching for file changes with StatReloader
INFO 2022-08-12 01:02:35,527 basehttp 16266 123145444319232 "GET /about/ HTTP/1.1" 200 6884
INFO 2022-08-12 01:02:36,890 basehttp 16266 123145444319232 "GET /result/ HTTP/1.1" 200 3818
INFO 2022-08-12 01:02:37,544 basehttp 16266 123145444319232 "GET /about/ HTTP/1.1" 200 6884
INFO 2022-08-12 01:02:39,475 basehttp 16266 123145444319232 "GET /about/ HTTP/1.1" 200 6884
INFO 2022-08-12 01:02:41,425 basehttp 16266 123145444319232 "GET /about/ HTTP/1.1" 200 6884
INFO 2022-08-12 01:02:43,192 basehttp 16266 123145444319232 "GET /about/ HTTP/1.1" 200 6884
INFO 2022-08-12 01:02:43,859 basehttp 16266 123145444319232 "GET /about/ HTTP/1.1" 200 6884
INFO 2022-08-12 01:02:56,239 basehttp 16266 123145444319232 "GET /about/ HTTP/1.1" 200 6883
INFO 2022-08-12 01:02:57,628 basehttp 16266 123145444319232 "GET /home/ HTTP/1.1" 200 11110
INFO 2022-08-12 01:04:53,342 basehttp 16266 123145444319232 "GET /home/ HTTP/1.1" 200 11110
INFO 2022-08-12 05:15:46,537 basehttp 16266 123145444319232 "GET / HTTP/1.1" 200 2013
INFO 2022-08-12 05:16:14,998 basehttp 16266 123145444319232 "POST / HTTP/1.1" 200 2118
INFO 2022-08-12 05:16:27,893 basehttp 16266 123145444319232 "GET /register HTTP/1.1" 301 0
INFO 2022-08-12 05:16:27,935 basehttp 16266 123145444319232 "GET /register/ HTTP/1.1" 200 3478
INFO 2022-08-12 05:16:56,217 basehttp 16266 123145444319232 "POST /register/ HTTP/1.1" 200 3631
INFO 2022-08-12 05:17:26,848 basehttp 16266 123145444319232 "POST /register/ HTTP/1.1" 200 3556
INFO 2022-08-12 05:17:32,636 basehttp 16266 123145444319232 "GET /login/ HTTP/1.1" 200 2013
INFO 2022-08-12 05:17:42,453 basehttp 16266 123145444319232 "POST /login/ HTTP/1.1" 200 2118
INFO 2022-08-12 05:17:44,908 basehttp 16266 123145444319232 "GET /register/ HTTP/1.1" 200 3478
INFO 2022-08-12 05:18:26,567 basehttp 16266 123145444319232 "POST /register/ HTTP/1.1" 200 3556
INFO 2022-08-12 05:18:46,812 basehttp 16266 123145444319232 "GET /login/ HTTP/1.1" 200 2013
INFO 2022-08-12 05:18:57,589 basehttp 16266 123145444319232 "POST /login/ HTTP/1.1" 200 2118
INFO 2022-08-12 05:19:36,716 autoreload 36351 4776248832 Watching for file changes with StatReloader
INFO 2022-08-12 05:19:47,215 basehttp 16266 123145444319232 "GET /register/ HTTP/1.1" 200 3478
INFO 2022-08-12 05:20:28,466 basehttp 16266 123145444319232 "POST /register/ HTTP/1.1" 200 3573
INFO 2022-08-12 05:22:08,280 autoreload 36519 4588471808 Watching for file changes with StatReloader
INFO 2022-08-12 05:22:15,777 basehttp 36519 123145338937344 "POST /register/ HTTP/1.1" 200 3573
INFO 2022-08-12 05:22:38,145 basehttp 36519 123145338937344 "POST /register/ HTTP/1.1" 200 3556
INFO 2022-08-12 05:23:55,753 autoreload 36598 4482110976 Watching for file changes with StatReloader
INFO 2022-08-12 05:24:06,241 basehttp 36598 123145461231616 "GET / HTTP/1.1" 200 2013
INFO 2022-08-12 05:24:08,804 basehttp 36598 123145461231616 "GET /register/ HTTP/1.1" 200 3478
INFO 2022-08-12 05:24:34,683 basehttp 36598 123145461231616 "POST /register/ HTTP/1.1" 302 0
INFO 2022-08-12 05:24:34,688 basehttp 36598 123145461231616 "GET /login HTTP/1.1" 301 0
INFO 2022-08-12 05:24:34,692 basehttp 36598 123145461231616 "GET /login/ HTTP/1.1" 200 2013
INFO 2022-08-12 05:25:04,009 basehttp 36598 123145461231616 "GET /admin/ HTTP/1.1" 302 0
INFO 2022-08-12 05:25:04,030 basehttp 36598 123145461231616 "GET /admin/login/?next=/admin/ HTTP/1.1" 200 2852
INFO 2022-08-12 05:25:04,092 basehttp 36598 123145461231616 "GET /static/vendor/fontawesome-free/css/all.min.css HTTP/1.1" 304 0
INFO 2022-08-12 05:25:04,092 basehttp 36598 123145494810624 "GET /static/jazzmin/css/main.css HTTP/1.1" 304 0
INFO 2022-08-12 05:25:04,092 basehttp 36598 123145478021120 "GET /static/vendor/adminlte/css/adminlte.min.css HTTP/1.1" 304 0
INFO 2022-08-12 05:25:04,134 basehttp 36598 123145461231616 "GET /static/vendor/adminlte/img/AdminLTELogo.png HTTP/1.1" 304 0
INFO 2022-08-12 05:25:04,135 basehttp 36598 123145494810624 "GET /static/vendor/bootstrap/js/bootstrap.min.js HTTP/1.1" 304 0
INFO 2022-08-12 05:25:04,135 basehttp 36598 123145478021120 "GET /static/vendor/adminlte/js/adminlte.min.js HTTP/1.1" 304 0
INFO 2022-08-12 05:25:04,261 basehttp 36598 123145478021120 "GET /static/vendor/fontawesome-free/webfonts/fa-solid-900.woff2 HTTP/1.1" 304 0
INFO 2022-08-12 05:25:14,095 basehttp 36598 123145478021120 "POST /admin/login/?next=/admin/ HTTP/1.1" 302 0
INFO 2022-08-12 05:25:14,135 basehttp 36598 123145478021120 "GET /admin/ HTTP/1.1" 200 24388
INFO 2022-08-12 05:25:14,181 basehttp 36598 123145478021120 "GET /static/jazzmin/js/main.js HTTP/1.1" 304 0
INFO 2022-08-12 05:25:14,271 basehttp 36598 123145478021120 "GET /static/vendor/fontawesome-free/webfonts/fa-regular-400.woff2 HTTP/1.1" 304 0
INFO 2022-08-12 05:25:16,532 basehttp 36598 123145478021120 "GET /admin/auth/user/ HTTP/1.1" 200 23735
INFO 2022-08-12 05:25:16,584 basehttp 36598 123145461231616 "GET /static/vendor/select2/css/select2.min.css HTTP/1.1" 304 0
INFO 2022-08-12 05:25:16,591 basehttp 36598 123145478021120 "GET /admin/jsi18n/ HTTP/1.1" 200 3343
INFO 2022-08-12 05:25:16,655 basehttp 36598 123145478021120 "GET /static/vendor/select2/js/select2.min.js HTTP/1.1" 304 0
INFO 2022-08-12 05:25:16,655 basehttp 36598 123145461231616 "GET /static/jazzmin/js/change_list.js HTTP/1.1" 304 0
INFO 2022-08-12 05:25:22,792 basehttp 36598 123145461231616 "GET /admin/auth/user/10/change/ HTTP/1.1" 200 31048
INFO 2022-08-12 05:25:22,830 basehttp 36598 123145461231616 "GET /admin/jsi18n/ HTTP/1.1" 200 3343
INFO 2022-08-12 05:25:22,928 basehttp 36598 123145461231616 "GET /static/jazzmin/js/change_form.js HTTP/1.1" 304 0
INFO 2022-08-12 05:25:24,270 basehttp 36598 123145461231616 "GET /admin/auth/user/10/delete/ HTTP/1.1" 200 11664
INFO 2022-08-12 05:25:24,300 basehttp 36598 123145461231616 "GET /static/admin/js/cancel.js HTTP/1.1" 200 564
INFO 2022-08-12 05:25:26,954 basehttp 36598 123145461231616 "POST /admin/auth/user/10/delete/ HTTP/1.1" 302 0
INFO 2022-08-12 05:25:26,989 basehttp 36598 123145461231616 "GET /admin/auth/user/ HTTP/1.1" 200 23757
INFO 2022-08-12 05:25:27,046 basehttp 36598 123145461231616 "GET /admin/jsi18n/ HTTP/1.1" 200 3343
INFO 2022-08-12 05:25:33,262 basehttp 36598 123145461231616 "GET /login/ HTTP/1.1" 200 86
INFO 2022-08-12 05:25:36,435 basehttp 36598 123145461231616 "GET /logout/ HTTP/1.1" 200 282
INFO 2022-08-12 05:25:37,921 basehttp 36598 123145461231616 "POST /logout/ HTTP/1.1" 302 0
INFO 2022-08-12 05:25:37,925 basehttp 36598 123145461231616 "GET /login HTTP/1.1" 301 0
INFO 2022-08-12 05:25:37,930 basehttp 36598 123145461231616 "GET /login/ HTTP/1.1" 200 2013
INFO 2022-08-12 05:26:02,715 basehttp 36598 123145461231616 "GET /register/ HTTP/1.1" 200 3478
INFO 2022-08-12 05:26:28,960 basehttp 36598 123145461231616 "POST /register/ HTTP/1.1" 200 3556
INFO 2022-08-12 05:27:58,967 basehttp 36598 123145461231616 "POST /register/ HTTP/1.1" 302 0
INFO 2022-08-12 05:27:58,970 basehttp 36598 123145461231616 "GET /login HTTP/1.1" 301 0
INFO 2022-08-12 05:27:58,973 basehttp 36598 123145461231616 "GET /login/ HTTP/1.1" 200 2013
INFO 2022-08-12 05:28:22,336 basehttp 36598 123145461231616 "GET /register/ HTTP/1.1" 200 3478
INFO 2022-08-12 05:28:33,366 basehttp 36598 123145461231616 "GET /login/ HTTP/1.1" 200 2013
INFO 2022-08-12 05:28:47,217 basehttp 36598 123145461231616 "POST /login/ HTTP/1.1" 302 0
INFO 2022-08-12 05:28:47,221 basehttp 36598 123145461231616 "GET /home HTTP/1.1" 301 0
INFO 2022-08-12 05:28:47,237 basehttp 36598 123145461231616 "GET /home/ HTTP/1.1" 200 11110
INFO 2022-08-12 05:29:22,651 basehttp 36598 123145461231616 "GET /admin/auth/user/ HTTP/1.1" 302 0
INFO 2022-08-12 05:29:22,663 basehttp 36598 123145461231616 "GET /admin/login/?next=/admin/auth/user/ HTTP/1.1" 200 3195
INFO 2022-08-12 05:29:36,477 basehttp 36598 123145461231616 "POST /admin/login/?next=/admin/auth/user/ HTTP/1.1" 302 0
INFO 2022-08-12 05:29:36,506 basehttp 36598 123145461231616 "GET /admin/auth/user/ HTTP/1.1" 200 23735
INFO 2022-08-12 05:29:36,544 basehttp 36598 123145461231616 "GET /admin/jsi18n/ HTTP/1.1" 200 3343
INFO 2022-08-12 05:29:39,180 basehttp 36598 123145461231616 "GET /admin/auth/user/11/change/ HTTP/1.1" 200 31084
INFO 2022-08-12 05:29:39,214 basehttp 36598 123145461231616 "GET /admin/jsi18n/ HTTP/1.1" 200 3343
INFO 2022-08-12 05:29:58,576 basehttp 36598 123145461231616 "POST /admin/auth/user/11/change/ HTTP/1.1" 302 0
INFO 2022-08-12 05:29:58,610 basehttp 36598 123145461231616 "GET /admin/auth/user/ HTTP/1.1" 200 24318
INFO 2022-08-12 05:29:58,647 basehttp 36598 123145461231616 "GET /admin/jsi18n/ HTTP/1.1" 200 3343
INFO 2022-08-12 05:30:43,310 autoreload 36598 4482110976 /Users/vinay_ray/Desktop/P_P_VR/search/base/views.py changed, reloading.
INFO 2022-08-12 05:30:43,780 autoreload 36751 4516750848 Watching for file changes with StatReloader
INFO 2022-08-12 05:30:45,069 autoreload 36751 4516750848 /Users/vinay_ray/Desktop/P_P_VR/search/base/views.py changed, reloading.
INFO 2022-08-12 05:30:45,541 autoreload 36755 4784240128 Watching for file changes with StatReloader
INFO 2022-08-12 05:30:47,857 autoreload 36755 4784240128 /Users/vinay_ray/Desktop/P_P_VR/search/base/views.py changed, reloading.
INFO 2022-08-12 05:30:48,373 autoreload 36756 4679247360 Watching for file changes with StatReloader
INFO 2022-08-12 05:30:50,680 autoreload 36756 4679247360 /Users/vinay_ray/Desktop/P_P_VR/search/base/views.py changed, reloading.
INFO 2022-08-12 05:30:51,092 autoreload 36762 4555048448 Watching for file changes with StatReloader
INFO 2022-08-12 05:30:53,382 autoreload 36762 4555048448 /Users/vinay_ray/Desktop/P_P_VR/search/base/views.py changed, reloading.
INFO 2022-08-12 05:30:53,828 autoreload 36763 4479071744 Watching for file changes with StatReloader
INFO 2022-08-12 05:30:58,035 autoreload 36763 4479071744 /Users/vinay_ray/Desktop/P_P_VR/search/base/views.py changed, reloading.
INFO 2022-08-12 05:30:58,486 autoreload 36766 4598437376 Watching for file changes with StatReloader
INFO 2022-08-12 05:31:00,647 autoreload 36766 4598437376 /Users/vinay_ray/Desktop/P_P_VR/search/base/views.py changed, reloading.
INFO 2022-08-12 05:31:01,047 autoreload 36770 4558054912 Watching for file changes with StatReloader
INFO 2022-08-12 05:31:35,521 basehttp 36770 123145544732672 "GET /logout/ HTTP/1.1" 200 282
INFO 2022-08-12 05:31:37,016 basehttp 36770 123145544732672 "POST /logout/ HTTP/1.1" 302 0
INFO 2022-08-12 05:31:37,019 basehttp 36770 123145544732672 "GET /login HTTP/1.1" 301 0
INFO 2022-08-12 05:31:37,025 basehttp 36770 123145544732672 "GET /login/ HTTP/1.1" 200 2013
INFO 2022-08-12 05:31:38,499 basehttp 36770 123145544732672 "GET /register/ HTTP/1.1" 200 3478
INFO 2022-08-12 05:31:59,091 basehttp 36770 123145544732672 "POST /register/ HTTP/1.1" 200 3636
INFO 2022-08-12 05:32:43,054 autoreload 36770 4558054912 /Users/vinay_ray/Desktop/P_P_VR/search/base/views.py changed, reloading.
INFO 2022-08-12 05:32:43,481 autoreload 36818 4567750144 Watching for file changes with StatReloader
INFO 2022-08-12 05:33:07,129 autoreload 36818 4567750144 /Users/vinay_ray/Desktop/P_P_VR/search/base/views.py changed, reloading.
INFO 2022-08-12 05:33:07,565 autoreload 36832 4560373248 Watching for file changes with StatReloader
INFO 2022-08-12 05:33:11,874 autoreload 36832 4560373248 /Users/vinay_ray/Desktop/P_P_VR/search/base/views.py changed, reloading.
INFO 2022-08-12 05:33:12,377 autoreload 36835 4767954432 Watching for file changes with StatReloader
INFO 2022-08-12 05:33:14,660 autoreload 36835 4767954432 /Users/vinay_ray/Desktop/P_P_VR/search/base/views.py changed, reloading.
INFO 2022-08-12 05:33:15,086 autoreload 36838 4561049088 Watching for file changes with StatReloader
INFO 2022-08-12 05:33:16,230 autoreload 36838 4561049088 /Users/vinay_ray/Desktop/P_P_VR/search/base/views.py changed, reloading.
INFO 2022-08-12 05:33:16,686 autoreload 36839 4535391744 Watching for file changes with StatReloader
INFO 2022-08-12 05:33:37,337 basehttp 36839 123145348689920 "POST /register/ HTTP/1.1" 200 3636
INFO 2022-08-12 05:33:52,592 autoreload 36839 4535391744 /Users/vinay_ray/Desktop/P_P_VR/search/base/views.py changed, reloading.
INFO 2022-08-12 05:33:53,080 autoreload 36858 4668941824 Watching for file changes with StatReloader
INFO 2022-08-12 05:33:54,237 autoreload 36858 4668941824 /Users/vinay_ray/Desktop/P_P_VR/search/base/views.py changed, reloading.
INFO 2022-08-12 05:33:54,648 autoreload 36861 4657247744 Watching for file changes with StatReloader
INFO 2022-08-12 05:34:52,899 basehttp 36861 123145354797056 "POST /register/ HTTP/1.1" 200 3636
INFO 2022-08-12 05:40:02,156 basehttp 36861 123145354797056 "POST /register/ HTTP/1.1" 200 1710
INFO 2022-08-12 05:40:21,025 basehttp 36861 123145354797056 "POST /register/ HTTP/1.1" 200 1710
INFO 2022-08-12 05:40:42,693 basehttp 36861 123145354797056 "POST /register/ HTTP/1.1" 200 1631
INFO 2022-08-12 05:41:24,776 basehttp 36861 123145354797056 "POST /register/ HTTP/1.1" 302 0
INFO 2022-08-12 05:41:24,779 basehttp 36861 123145354797056 "GET /login HTTP/1.1" 301 0
INFO 2022-08-12 05:41:24,784 basehttp 36861 123145354797056 "GET /login/ HTTP/1.1" 200 2013
INFO 2022-08-12 05:44:54,114 autoreload 36861 4657247744 /Users/vinay_ray/Desktop/P_P_VR/search/base/views.py changed, reloading.
INFO 2022-08-12 05:44:54,535 autoreload 37073 4551267840 Watching for file changes with StatReloader
INFO 2022-08-12 05:45:01,899 autoreload 37073 4551267840 /Users/vinay_ray/Desktop/P_P_VR/search/base/views.py changed, reloading.
INFO 2022-08-12 05:45:02,309 autoreload 37083 4609369600 Watching for file changes with StatReloader
INFO 2022-08-12 05:45:10,558 autoreload 37083 4609369600 /Users/vinay_ray/Desktop/P_P_VR/search/base/views.py changed, reloading.
INFO 2022-08-12 05:45:10,986 autoreload 37089 4703397376 Watching for file changes with StatReloader
INFO 2022-08-12 05:45:13,278 autoreload 37089 4703397376 /Users/vinay_ray/Desktop/P_P_VR/search/base/views.py changed, reloading.
INFO 2022-08-12 05:45:13,681 autoreload 37093 4671837696 Watching for file changes with StatReloader
INFO 2022-08-12 05:45:15,971 autoreload 37093 4671837696 /Users/vinay_ray/Desktop/P_P_VR/search/base/views.py changed, reloading.
INFO 2022-08-12 05:45:16,410 autoreload 37095 4455876096 Watching for file changes with StatReloader
INFO 2022-08-12 05:45:18,693 autoreload 37095 4455876096 /Users/vinay_ray/Desktop/P_P_VR/search/base/views.py changed, reloading.
INFO 2022-08-12 05:45:19,102 autoreload 37098 4633867776 Watching for file changes with StatReloader
INFO 2022-08-12 05:45:20,246 autoreload 37098 4633867776 /Users/vinay_ray/Desktop/P_P_VR/search/base/views.py changed, reloading.
INFO 2022-08-12 05:45:20,645 autoreload 37102 4431607296 Watching for file changes with StatReloader
INFO 2022-08-12 05:45:22,924 autoreload 37102 4431607296 /Users/vinay_ray/Desktop/P_P_VR/search/base/views.py changed, reloading.
INFO 2022-08-12 05:45:23,344 autoreload 37105 4339770880 Watching for file changes with StatReloader
INFO 2022-08-12 05:45:24,490 autoreload 37105 4339770880 /Users/vinay_ray/Desktop/P_P_VR/search/base/views.py changed, reloading.
INFO 2022-08-12 05:45:24,892 autoreload 37106 4553897472 Watching for file changes with StatReloader
INFO 2022-08-12 05:45:39,371 autoreload 37106 4553897472 /Users/vinay_ray/Desktop/P_P_VR/search/base/views.py changed, reloading.
INFO 2022-08-12 05:45:39,843 autoreload 37114 4537652736 Watching for file changes with StatReloader
INFO 2022-08-12 05:45:43,030 autoreload 37114 4537652736 /Users/vinay_ray/Desktop/P_P_VR/search/base/views.py changed, reloading.
INFO 2022-08-12 05:45:43,440 autoreload 37117 4696131072 Watching for file changes with StatReloader
INFO 2022-08-12 05:45:49,791 autoreload 37117 4696131072 /Users/vinay_ray/Desktop/P_P_VR/search/base/views.py changed, reloading.
INFO 2022-08-12 05:45:50,193 autoreload 37120 4481820160 Watching for file changes with StatReloader
INFO 2022-08-12 05:45:51,456 autoreload 37120 4481820160 /Users/vinay_ray/Desktop/P_P_VR/search/base/views.py changed, reloading.
INFO 2022-08-12 05:45:51,891 autoreload 37126 4532086272 Watching for file changes with StatReloader
INFO 2022-08-12 05:46:07,382 autoreload 37126 4532086272 /Users/vinay_ray/Desktop/P_P_VR/search/base/views.py changed, reloading.
INFO 2022-08-12 05:46:07,812 autoreload 37138 4598572544 Watching for file changes with StatReloader
INFO 2022-08-12 05:46:09,097 autoreload 37138 4598572544 /Users/vinay_ray/Desktop/P_P_VR/search/base/views.py changed, reloading.
INFO 2022-08-12 05:46:09,523 autoreload 37141 4688467456 Watching for file changes with StatReloader
INFO 2022-08-12 05:46:14,867 autoreload 37141 4688467456 /Users/vinay_ray/Desktop/P_P_VR/search/base/views.py changed, reloading.
INFO 2022-08-12 05:46:15,268 autoreload 37144 4579988992 Watching for file changes with StatReloader
INFO 2022-08-12 05:46:16,526 autoreload 37144 4579988992 /Users/vinay_ray/Desktop/P_P_VR/search/base/views.py changed, reloading.
INFO 2022-08-12 05:46:16,978 autoreload 37145 4791399936 Watching for file changes with StatReloader
ERROR 2022-08-12 05:46:29,907 log 37145 123145390714880 Internal Server Error: /register/
Traceback (most recent call last):
  File "/Library/Frameworks/Python.framework/Versions/3.8/lib/python3.8/site-packages/django/core/handlers/exception.py", line 55, in inner
    response = get_response(request)
  File "/Library/Frameworks/Python.framework/Versions/3.8/lib/python3.8/site-packages/django/core/handlers/base.py", line 197, in _get_response
    response = wrapped_callback(request, *callback_args, **callback_kwargs)
  File "/Users/vinay_ray/Desktop/P_P_VR/search/base/views.py", line 42, in registerpage
    print("print form \n ",dict(form))
ValueError: dictionary update sequence element #0 has length 1; 2 is required
ERROR 2022-08-12 05:46:29,908 basehttp 37145 123145390714880 "POST /register/ HTTP/1.1" 500 64813
ERROR 2022-08-12 05:46:56,035 log 37145 123145390714880 Internal Server Error: /register/
Traceback (most recent call last):
  File "/Library/Frameworks/Python.framework/Versions/3.8/lib/python3.8/site-packages/django/core/handlers/exception.py", line 55, in inner
    response = get_response(request)
  File "/Library/Frameworks/Python.framework/Versions/3.8/lib/python3.8/site-packages/django/core/handlers/base.py", line 197, in _get_response
    response = wrapped_callback(request, *callback_args, **callback_kwargs)
  File "/Users/vinay_ray/Desktop/P_P_VR/search/base/views.py", line 42, in registerpage
    print("print form \n ",dict(form))
ValueError: dictionary update sequence element #0 has length 1; 2 is required
ERROR 2022-08-12 05:46:56,036 basehttp 37145 123145390714880 "POST /register/ HTTP/1.1" 500 64821
INFO 2022-08-12 05:47:21,422 autoreload 37145 4791399936 /Users/vinay_ray/Desktop/P_P_VR/search/base/views.py changed, reloading.
INFO 2022-08-12 05:47:21,874 autoreload 37170 4575254016 Watching for file changes with StatReloader
INFO 2022-08-12 05:47:24,190 autoreload 37170 4575254016 /Users/vinay_ray/Desktop/P_P_VR/search/base/views.py changed, reloading.
INFO 2022-08-12 05:47:24,603 autoreload 37173 4360414720 Watching for file changes with StatReloader
INFO 2022-08-12 05:47:25,848 autoreload 37173 4360414720 /Users/vinay_ray/Desktop/P_P_VR/search/base/views.py changed, reloading.
INFO 2022-08-12 05:47:26,262 autoreload 37174 4511274496 Watching for file changes with StatReloader
ERROR 2022-08-12 05:47:40,559 log 37174 123145354027008 Internal Server Error: /register/
Traceback (most recent call last):
  File "/Library/Frameworks/Python.framework/Versions/3.8/lib/python3.8/site-packages/django/core/handlers/exception.py", line 55, in inner
    response = get_response(request)
  File "/Library/Frameworks/Python.framework/Versions/3.8/lib/python3.8/site-packages/django/core/handlers/base.py", line 197, in _get_response
    response = wrapped_callback(request, *callback_args, **callback_kwargs)
  File "/Users/vinay_ray/Desktop/P_P_VR/search/base/views.py", line 40, in registerpage
    print(dict(form))
TypeError: 'ModelFormMetaclass' object is not iterable
ERROR 2022-08-12 05:47:40,560 basehttp 37174 123145354027008 "POST /register/ HTTP/1.1" 500 64609
INFO 2022-08-12 05:47:58,647 autoreload 37194 4558136832 Watching for file changes with StatReloader
ERROR 2022-08-12 05:48:16,320 log 37194 123145523994624 Internal Server Error: /register/
Traceback (most recent call last):
  File "/Library/Frameworks/Python.framework/Versions/3.8/lib/python3.8/site-packages/django/core/handlers/exception.py", line 55, in inner
    response = get_response(request)
  File "/Library/Frameworks/Python.framework/Versions/3.8/lib/python3.8/site-packages/django/core/handlers/base.py", line 197, in _get_response
    response = wrapped_callback(request, *callback_args, **callback_kwargs)
  File "/Users/vinay_ray/Desktop/P_P_VR/search/base/views.py", line 40, in registerpage
    print(dict(form))
TypeError: 'ModelFormMetaclass' object is not iterable
ERROR 2022-08-12 05:48:16,321 basehttp 37194 123145523994624 "POST /register/ HTTP/1.1" 500 64609
INFO 2022-08-12 05:53:23,346 autoreload 37194 4558136832 /Users/vinay_ray/Desktop/P_P_VR/search/base/views.py changed, reloading.
INFO 2022-08-12 05:53:23,835 autoreload 37716 4642149888 Watching for file changes with StatReloader
ERROR 2022-08-12 05:53:38,586 log 37716 123145454751744 Internal Server Error: /register/
Traceback (most recent call last):
  File "/Library/Frameworks/Python.framework/Versions/3.8/lib/python3.8/site-packages/django/core/handlers/exception.py", line 55, in inner
    response = get_response(request)
  File "/Library/Frameworks/Python.framework/Versions/3.8/lib/python3.8/site-packages/django/core/handlers/base.py", line 197, in _get_response
    response = wrapped_callback(request, *callback_args, **callback_kwargs)
  File "/Users/vinay_ray/Desktop/P_P_VR/search/base/views.py", line 40, in registerpage
    print(request.form)
AttributeError: 'WSGIRequest' object has no attribute 'form'
ERROR 2022-08-12 05:53:38,586 basehttp 37716 123145454751744 "POST /register/ HTTP/1.1" 500 64681
ERROR 2022-08-12 05:53:59,381 log 37716 123145454751744 Internal Server Error: /register/
Traceback (most recent call last):
  File "/Library/Frameworks/Python.framework/Versions/3.8/lib/python3.8/site-packages/django/core/handlers/exception.py", line 55, in inner
    response = get_response(request)
  File "/Library/Frameworks/Python.framework/Versions/3.8/lib/python3.8/site-packages/django/core/handlers/base.py", line 197, in _get_response
    response = wrapped_callback(request, *callback_args, **callback_kwargs)
  File "/Users/vinay_ray/Desktop/P_P_VR/search/base/views.py", line 40, in registerpage
    print(request.form)
AttributeError: 'WSGIRequest' object has no attribute 'form'
ERROR 2022-08-12 05:53:59,382 basehttp 37716 123145454751744 "POST /register/ HTTP/1.1" 500 64687
INFO 2022-08-12 05:54:45,487 autoreload 37716 4642149888 /Users/vinay_ray/Desktop/P_P_VR/search/base/views.py changed, reloading.
INFO 2022-08-12 05:54:45,974 autoreload 37748 4423468544 Watching for file changes with StatReloader
ERROR 2022-08-12 05:55:00,205 log 37748 123145445097472 Internal Server Error: /register/
Traceback (most recent call last):
  File "/Library/Frameworks/Python.framework/Versions/3.8/lib/python3.8/site-packages/django/core/handlers/exception.py", line 55, in inner
    response = get_response(request)
  File "/Library/Frameworks/Python.framework/Versions/3.8/lib/python3.8/site-packages/django/core/handlers/base.py", line 197, in _get_response
    response = wrapped_callback(request, *callback_args, **callback_kwargs)
  File "/Users/vinay_ray/Desktop/P_P_VR/search/base/views.py", line 43, in registerpage
    print("print form \n ",dict(form))
ValueError: dictionary update sequence element #0 has length 1; 2 is required
ERROR 2022-08-12 05:55:00,206 basehttp 37748 123145445097472 "POST /register/ HTTP/1.1" 500 64836
INFO 2022-08-12 05:55:16,832 autoreload 37748 4423468544 /Users/vinay_ray/Desktop/P_P_VR/search/base/views.py changed, reloading.
INFO 2022-08-12 05:55:17,240 autoreload 37767 4631672320 Watching for file changes with StatReloader
INFO 2022-08-12 05:56:20,557 autoreload 37767 4631672320 /Users/vinay_ray/Desktop/P_P_VR/search/base/views.py changed, reloading.
INFO 2022-08-12 05:56:21,054 autoreload 37800 4586026496 Watching for file changes with StatReloader
INFO 2022-08-12 05:56:35,563 autoreload 37800 4586026496 /Users/vinay_ray/Desktop/P_P_VR/search/base/views.py changed, reloading.
INFO 2022-08-12 05:56:36,002 autoreload 37809 4642149888 Watching for file changes with StatReloader
ERROR 2022-08-12 05:56:59,107 log 37809 123145343950848 Internal Server Error: /register/
Traceback (most recent call last):
  File "/Library/Frameworks/Python.framework/Versions/3.8/lib/python3.8/site-packages/django/core/handlers/exception.py", line 55, in inner
    response = get_response(request)
  File "/Library/Frameworks/Python.framework/Versions/3.8/lib/python3.8/site-packages/django/core/handlers/base.py", line 197, in _get_response
    response = wrapped_callback(request, *callback_args, **callback_kwargs)
  File "/Users/vinay_ray/Desktop/P_P_VR/search/base/views.py", line 43, in registerpage
    print("print form :\n ",dict(form))
ValueError: dictionary update sequence element #0 has length 1; 2 is required
ERROR 2022-08-12 05:56:59,108 basehttp 37809 123145343950848 "POST /register/ HTTP/1.1" 500 64838
INFO 2022-08-12 05:57:15,001 autoreload 37809 4642149888 /Users/vinay_ray/Desktop/P_P_VR/search/base/views.py changed, reloading.
INFO 2022-08-12 05:57:15,427 autoreload 37827 4539909632 Watching for file changes with StatReloader
INFO 2022-08-12 05:57:17,586 autoreload 37827 4539909632 /Users/vinay_ray/Desktop/P_P_VR/search/base/views.py changed, reloading.
INFO 2022-08-12 05:57:17,987 autoreload 37830 4457760256 Watching for file changes with StatReloader
ERROR 2022-08-12 05:57:40,937 log 37830 123145433862144 Internal Server Error: /register/
Traceback (most recent call last):
  File "/Library/Frameworks/Python.framework/Versions/3.8/lib/python3.8/site-packages/django/template/smartif.py", line 179, in translate_token
    op = OPERATORS[token]
KeyError: 'form%'

During handling of the above exception, another exception occurred:

Traceback (most recent call last):
  File "/Library/Frameworks/Python.framework/Versions/3.8/lib/python3.8/site-packages/django/core/handlers/exception.py", line 55, in inner
    response = get_response(request)
  File "/Library/Frameworks/Python.framework/Versions/3.8/lib/python3.8/site-packages/django/core/handlers/base.py", line 197, in _get_response
    response = wrapped_callback(request, *callback_args, **callback_kwargs)
  File "/Users/vinay_ray/Desktop/P_P_VR/search/base/views.py", line 54, in registerpage
    return render(request,'register.html',context)
  File "/Library/Frameworks/Python.framework/Versions/3.8/lib/python3.8/site-packages/django/shortcuts.py", line 24, in render
    content = loader.render_to_string(template_name, context, request, using=using)
  File "/Library/Frameworks/Python.framework/Versions/3.8/lib/python3.8/site-packages/django/template/loader.py", line 61, in render_to_string
    template = get_template(template_name, using=using)
  File "/Library/Frameworks/Python.framework/Versions/3.8/lib/python3.8/site-packages/django/template/loader.py", line 15, in get_template
    return engine.get_template(template_name)
  File "/Library/Frameworks/Python.framework/Versions/3.8/lib/python3.8/site-packages/django/template/backends/django.py", line 34, in get_template
    return Template(self.engine.get_template(template_name), self)
  File "/Library/Frameworks/Python.framework/Versions/3.8/lib/python3.8/site-packages/django/template/engine.py", line 175, in get_template
    template, origin = self.find_template(template_name)
  File "/Library/Frameworks/Python.framework/Versions/3.8/lib/python3.8/site-packages/django/template/engine.py", line 157, in find_template
    template = loader.get_template(name, skip=skip)
  File "/Library/Frameworks/Python.framework/Versions/3.8/lib/python3.8/site-packages/django/template/loaders/cached.py", line 57, in get_template
    template = super().get_template(template_name, skip)
  File "/Library/Frameworks/Python.framework/Versions/3.8/lib/python3.8/site-packages/django/template/loaders/base.py", line 28, in get_template
    return Template(
  File "/Library/Frameworks/Python.framework/Versions/3.8/lib/python3.8/site-packages/django/template/base.py", line 154, in __init__
    self.nodelist = self.compile_nodelist()
  File "/Library/Frameworks/Python.framework/Versions/3.8/lib/python3.8/site-packages/django/template/base.py", line 200, in compile_nodelist
    return parser.parse()
  File "/Library/Frameworks/Python.framework/Versions/3.8/lib/python3.8/site-packages/django/template/base.py", line 513, in parse
    raise self.error(token, e)
  File "/Library/Frameworks/Python.framework/Versions/3.8/lib/python3.8/site-packages/django/template/base.py", line 511, in parse
    compiled_result = compile_func(self, token)
  File "/Library/Frameworks/Python.framework/Versions/3.8/lib/python3.8/site-packages/django/template/loader_tags.py", line 232, in do_block
    nodelist = parser.parse(("endblock",))
  File "/Library/Frameworks/Python.framework/Versions/3.8/lib/python3.8/site-packages/django/template/base.py", line 513, in parse
    raise self.error(token, e)
  File "/Library/Frameworks/Python.framework/Versions/3.8/lib/python3.8/site-packages/django/template/base.py", line 511, in parse
    compiled_result = compile_func(self, token)
  File "/Library/Frameworks/Python.framework/Versions/3.8/lib/python3.8/site-packages/django/template/defaulttags.py", line 953, in do_if
    condition = TemplateIfParser(parser, bits).parse()
  File "/Library/Frameworks/Python.framework/Versions/3.8/lib/python3.8/site-packages/django/template/defaulttags.py", line 886, in __init__
    super().__init__(*args, **kwargs)
  File "/Library/Frameworks/Python.framework/Versions/3.8/lib/python3.8/site-packages/django/template/smartif.py", line 170, in __init__
    mapped_tokens.append(self.translate_token(token))
  File "/Library/Frameworks/Python.framework/Versions/3.8/lib/python3.8/site-packages/django/template/smartif.py", line 181, in translate_token
    return self.create_var(token)
  File "/Library/Frameworks/Python.framework/Versions/3.8/lib/python3.8/site-packages/django/template/defaulttags.py", line 889, in create_var
    return TemplateLiteral(self.template_parser.compile_filter(value), value)
  File "/Library/Frameworks/Python.framework/Versions/3.8/lib/python3.8/site-packages/django/template/base.py", line 600, in compile_filter
    return FilterExpression(token, self)
  File "/Library/Frameworks/Python.framework/Versions/3.8/lib/python3.8/site-packages/django/template/base.py", line 703, in __init__
    raise TemplateSyntaxError(
django.template.exceptions.TemplateSyntaxError: Could not parse the remainder: '%' from 'form%'
ERROR 2022-08-12 05:57:40,939 basehttp 37830 123145433862144 "POST /register/ HTTP/1.1" 500 183720
ERROR 2022-08-12 05:58:32,799 log 37830 123145433862144 Internal Server Error: /register/
Traceback (most recent call last):
  File "/Library/Frameworks/Python.framework/Versions/3.8/lib/python3.8/site-packages/django/template/base.py", line 505, in parse
    compile_func = self.tags[command]
KeyError: 'endblock'

During handling of the above exception, another exception occurred:

Traceback (most recent call last):
  File "/Library/Frameworks/Python.framework/Versions/3.8/lib/python3.8/site-packages/django/core/handlers/exception.py", line 55, in inner
    response = get_response(request)
  File "/Library/Frameworks/Python.framework/Versions/3.8/lib/python3.8/site-packages/django/core/handlers/base.py", line 197, in _get_response
    response = wrapped_callback(request, *callback_args, **callback_kwargs)
  File "/Users/vinay_ray/Desktop/P_P_VR/search/base/views.py", line 54, in registerpage
    return render(request,'register.html',context)
  File "/Library/Frameworks/Python.framework/Versions/3.8/lib/python3.8/site-packages/django/shortcuts.py", line 24, in render
    content = loader.render_to_string(template_name, context, request, using=using)
  File "/Library/Frameworks/Python.framework/Versions/3.8/lib/python3.8/site-packages/django/template/loader.py", line 61, in render_to_string
    template = get_template(template_name, using=using)
  File "/Library/Frameworks/Python.framework/Versions/3.8/lib/python3.8/site-packages/django/template/loader.py", line 15, in get_template
    return engine.get_template(template_name)
  File "/Library/Frameworks/Python.framework/Versions/3.8/lib/python3.8/site-packages/django/template/backends/django.py", line 34, in get_template
    return Template(self.engine.get_template(template_name), self)
  File "/Library/Frameworks/Python.framework/Versions/3.8/lib/python3.8/site-packages/django/template/engine.py", line 175, in get_template
    template, origin = self.find_template(template_name)
  File "/Library/Frameworks/Python.framework/Versions/3.8/lib/python3.8/site-packages/django/template/engine.py", line 157, in find_template
    template = loader.get_template(name, skip=skip)
  File "/Library/Frameworks/Python.framework/Versions/3.8/lib/python3.8/site-packages/django/template/loaders/cached.py", line 57, in get_template
    template = super().get_template(template_name, skip)
  File "/Library/Frameworks/Python.framework/Versions/3.8/lib/python3.8/site-packages/django/template/loaders/base.py", line 28, in get_template
    return Template(
  File "/Library/Frameworks/Python.framework/Versions/3.8/lib/python3.8/site-packages/django/template/base.py", line 154, in __init__
    self.nodelist = self.compile_nodelist()
  File "/Library/Frameworks/Python.framework/Versions/3.8/lib/python3.8/site-packages/django/template/base.py", line 200, in compile_nodelist
    return parser.parse()
  File "/Library/Frameworks/Python.framework/Versions/3.8/lib/python3.8/site-packages/django/template/base.py", line 513, in parse
    raise self.error(token, e)
  File "/Library/Frameworks/Python.framework/Versions/3.8/lib/python3.8/site-packages/django/template/base.py", line 511, in parse
    compiled_result = compile_func(self, token)
  File "/Library/Frameworks/Python.framework/Versions/3.8/lib/python3.8/site-packages/django/template/loader_tags.py", line 232, in do_block
    nodelist = parser.parse(("endblock",))
  File "/Library/Frameworks/Python.framework/Versions/3.8/lib/python3.8/site-packages/django/template/base.py", line 513, in parse
    raise self.error(token, e)
  File "/Library/Frameworks/Python.framework/Versions/3.8/lib/python3.8/site-packages/django/template/base.py", line 511, in parse
    compiled_result = compile_func(self, token)
  File "/Library/Frameworks/Python.framework/Versions/3.8/lib/python3.8/site-packages/django/template/defaulttags.py", line 968, in do_if
    nodelist = parser.parse(("endif",))
  File "/Library/Frameworks/Python.framework/Versions/3.8/lib/python3.8/site-packages/django/template/base.py", line 507, in parse
    self.invalid_block_tag(token, command, parse_until)
  File "/Library/Frameworks/Python.framework/Versions/3.8/lib/python3.8/site-packages/django/template/base.py", line 558, in invalid_block_tag
    raise self.error(
django.template.exceptions.TemplateSyntaxError: Invalid block tag on line 26: 'endblock', expected 'endif'. Did you forget to register or load this tag?
ERROR 2022-08-12 05:58:32,800 basehttp 37830 123145433862144 "POST /register/ HTTP/1.1" 500 164283
INFO 2022-08-12 05:59:44,194 basehttp 37830 123145433862144 "POST /register/ HTTP/1.1" 200 596
INFO 2022-08-12 06:02:46,976 basehttp 37830 123145433862144 "POST /register/ HTTP/1.1" 200 596
INFO 2022-08-12 06:06:07,940 basehttp 37830 123145433862144 "POST /register/ HTTP/1.1" 200 606
INFO 2022-08-12 06:06:37,806 autoreload 37830 4457760256 /Users/vinay_ray/Desktop/P_P_VR/search/base/views.py changed, reloading.
INFO 2022-08-12 06:06:38,229 autoreload 38021 4741338624 Watching for file changes with StatReloader
INFO 2022-08-12 06:06:39,501 autoreload 38021 4741338624 /Users/vinay_ray/Desktop/P_P_VR/search/base/views.py changed, reloading.
INFO 2022-08-12 06:06:39,935 autoreload 38024 4701234688 Watching for file changes with StatReloader
INFO 2022-08-12 06:06:43,260 autoreload 38024 4701234688 /Users/vinay_ray/Desktop/P_P_VR/search/base/views.py changed, reloading.
INFO 2022-08-12 06:06:43,697 autoreload 38026 4324369920 Watching for file changes with StatReloader
INFO 2022-08-12 06:07:15,478 basehttp 38026 123145505300480 "POST /register/ HTTP/1.1" 200 606
INFO 2022-08-12 06:11:38,967 basehttp 38026 123145505300480 "POST /register/ HTTP/1.1" 200 604
INFO 2022-08-12 06:13:52,963 basehttp 38026 123145505300480 "POST /register/ HTTP/1.1" 200 585
INFO 2022-08-12 06:15:14,748 autoreload 38026 4324369920 /Users/vinay_ray/Desktop/P_P_VR/search/base/views.py changed, reloading.
INFO 2022-08-12 06:15:15,220 autoreload 38185 4558530048 Watching for file changes with StatReloader
INFO 2022-08-12 06:15:17,514 autoreload 38185 4558530048 /Users/vinay_ray/Desktop/P_P_VR/search/base/views.py changed, reloading.
INFO 2022-08-12 06:15:17,934 autoreload 38188 4347651584 Watching for file changes with StatReloader
INFO 2022-08-12 06:15:21,230 autoreload 38188 4347651584 /Users/vinay_ray/Desktop/P_P_VR/search/base/views.py changed, reloading.
INFO 2022-08-12 06:15:21,645 autoreload 38196 4613412352 Watching for file changes with StatReloader
INFO 2022-08-12 06:15:24,994 autoreload 38196 4613412352 /Users/vinay_ray/Desktop/P_P_VR/search/base/views.py changed, reloading.
INFO 2022-08-12 06:15:25,453 autoreload 38198 4685592064 Watching for file changes with StatReloader
INFO 2022-08-12 06:15:27,734 autoreload 38198 4685592064 /Users/vinay_ray/Desktop/P_P_VR/search/base/views.py changed, reloading.
INFO 2022-08-12 06:15:28,131 autoreload 38201 4689729024 Watching for file changes with StatReloader
INFO 2022-08-12 06:15:50,738 autoreload 38201 4689729024 /Users/vinay_ray/Desktop/P_P_VR/search/base/views.py changed, reloading.
INFO 2022-08-12 06:15:51,236 autoreload 38214 4526704128 Watching for file changes with StatReloader
INFO 2022-08-12 06:17:46,887 basehttp 38214 123145575411712 "POST /register/ HTTP/1.1" 200 383
INFO 2022-08-12 06:20:09,333 basehttp 38214 123145575411712 "POST /register/ HTTP/1.1" 200 399
INFO 2022-08-12 06:21:14,056 autoreload 38214 4526704128 /Users/vinay_ray/Desktop/P_P_VR/search/base/views.py changed, reloading.
INFO 2022-08-12 06:21:14,571 autoreload 38324 4523701760 Watching for file changes with StatReloader
INFO 2022-08-12 06:21:17,890 autoreload 38324 4523701760 /Users/vinay_ray/Desktop/P_P_VR/search/base/views.py changed, reloading.
INFO 2022-08-12 06:21:18,310 autoreload 38330 4612961792 Watching for file changes with StatReloader
INFO 2022-08-12 06:21:19,564 autoreload 38330 4612961792 /Users/vinay_ray/Desktop/P_P_VR/search/base/views.py changed, reloading.
INFO 2022-08-12 06:21:20,092 autoreload 38331 4690646528 Watching for file changes with StatReloader
INFO 2022-08-12 06:21:31,470 basehttp 38331 123145411063808 "POST /register/ HTTP/1.1" 200 1723
INFO 2022-08-12 06:21:51,943 autoreload 38331 4690646528 /Users/vinay_ray/Desktop/P_P_VR/search/base/views.py changed, reloading.
INFO 2022-08-12 06:21:52,365 autoreload 38353 4620322304 Watching for file changes with StatReloader
INFO 2022-08-12 06:21:53,621 autoreload 38353 4620322304 /Users/vinay_ray/Desktop/P_P_VR/search/base/views.py changed, reloading.
INFO 2022-08-12 06:21:54,106 autoreload 38356 4634478080 Watching for file changes with StatReloader
INFO 2022-08-12 06:21:59,441 autoreload 38356 4634478080 /Users/vinay_ray/Desktop/P_P_VR/search/base/views.py changed, reloading.
INFO 2022-08-12 06:21:59,848 autoreload 38359 4713719296 Watching for file changes with StatReloader
INFO 2022-08-12 06:22:04,114 autoreload 38359 4713719296 /Users/vinay_ray/Desktop/P_P_VR/search/base/views.py changed, reloading.
INFO 2022-08-12 06:22:04,519 autoreload 38363 4518938112 Watching for file changes with StatReloader
INFO 2022-08-12 06:22:06,797 autoreload 38363 4518938112 /Users/vinay_ray/Desktop/P_P_VR/search/base/views.py changed, reloading.
INFO 2022-08-12 06:22:07,201 autoreload 38367 4539020800 Watching for file changes with StatReloader
INFO 2022-08-12 06:22:52,564 basehttp 38367 123145351630848 "POST /register/ HTTP/1.1" 200 466
INFO 2022-08-12 06:23:29,884 autoreload 38367 4539020800 /Users/vinay_ray/Desktop/P_P_VR/search/base/views.py changed, reloading.
INFO 2022-08-12 06:23:30,338 autoreload 38398 4590339584 Watching for file changes with StatReloader
INFO 2022-08-12 06:23:34,653 autoreload 38398 4590339584 /Users/vinay_ray/Desktop/P_P_VR/search/base/views.py changed, reloading.
INFO 2022-08-12 06:23:35,069 autoreload 38404 4561368576 Watching for file changes with StatReloader
INFO 2022-08-12 06:24:26,542 basehttp 38404 123145431642112 "POST /register/ HTTP/1.1" 200 568
INFO 2022-08-12 06:25:06,365 basehttp 38404 123145431642112 "POST /register/ HTTP/1.1" 200 406
INFO 2022-08-12 06:26:00,825 basehttp 38404 123145431642112 "POST /register/ HTTP/1.1" 200 558
INFO 2022-08-12 06:26:34,109 basehttp 38404 123145431642112 "POST /register/ HTTP/1.1" 200 558
INFO 2022-08-12 06:27:39,691 basehttp 38404 123145431642112 "POST /register/ HTTP/1.1" 200 768
INFO 2022-08-12 06:28:42,826 basehttp 38404 123145431642112 "POST /register/ HTTP/1.1" 200 595
INFO 2022-08-12 06:28:58,900 basehttp 38404 123145431642112 "POST /register/ HTTP/1.1" 200 585
INFO 2022-08-12 06:29:17,206 basehttp 38404 123145431642112 "POST /register/ HTTP/1.1" 200 585
INFO 2022-08-12 06:29:45,069 basehttp 38404 123145431642112 "POST /register/ HTTP/1.1" 200 577
INFO 2022-08-12 06:30:33,866 basehttp 38404 123145431642112 "POST /register/ HTTP/1.1" 200 475
INFO 2022-08-12 06:30:42,620 basehttp 38404 123145431642112 "GET /login/ HTTP/1.1" 200 2013
INFO 2022-08-12 06:30:44,449 basehttp 38404 123145431642112 "GET /register/ HTTP/1.1" 200 1564
INFO 2022-08-12 06:31:43,224 basehttp 38404 123145431642112 "POST /register/ HTTP/1.1" 200 475
INFO 2022-08-12 06:31:49,711 basehttp 38404 123145431642112 "GET /register/ HTTP/1.1" 200 1564
INFO 2022-08-12 06:53:29,334 basehttp 38404 123145431642112 "GET /register/ HTTP/1.1" 200 1564
INFO 2022-08-12 06:56:02,988 basehttp 38404 123145431642112 "POST /register/ HTTP/1.1" 200 487
INFO 2022-08-12 06:56:12,191 basehttp 38404 123145431642112 "GET /register/ HTTP/1.1" 200 1564
INFO 2022-08-12 06:56:46,150 basehttp 38404 123145431642112 "POST /register/ HTTP/1.1" 200 577
INFO 2022-08-12 06:56:56,723 basehttp 38404 123145431642112 "GET /register/ HTTP/1.1" 200 1564
INFO 2022-08-12 06:57:11,628 basehttp 38404 123145431642112 "POST /register/ HTTP/1.1" 200 475
INFO 2022-08-12 06:57:17,604 basehttp 38404 123145431642112 "GET /register/ HTTP/1.1" 200 1564
INFO 2022-08-12 06:57:48,486 basehttp 38404 123145431642112 "POST /register/ HTTP/1.1" 302 0
INFO 2022-08-12 06:57:48,490 basehttp 38404 123145431642112 "GET /login HTTP/1.1" 301 0
INFO 2022-08-12 06:57:48,493 basehttp 38404 123145431642112 "GET /login/ HTTP/1.1" 200 2013
INFO 2022-08-12 06:58:00,792 basehttp 38404 123145431642112 "POST /login/ HTTP/1.1" 302 0
INFO 2022-08-12 06:58:00,796 basehttp 38404 123145431642112 "GET /home HTTP/1.1" 301 0
INFO 2022-08-12 06:58:00,812 basehttp 38404 123145431642112 "GET /home/ HTTP/1.1" 200 11112
INFO 2022-08-12 06:58:59,242 basehttp 38404 123145431642112 "GET /home/ HTTP/1.1" 200 11112
INFO 2022-08-12 06:59:10,862 basehttp 38404 123145431642112 "GET /home/ HTTP/1.1" 200 11112
INFO 2022-08-12 06:59:13,771 basehttp 38404 123145431642112 "GET /home/ HTTP/1.1" 200 11112
INFO 2022-08-12 06:59:14,883 basehttp 38404 123145431642112 "GET /employee/ HTTP/1.1" 200 5435
INFO 2022-08-12 06:59:17,390 basehttp 38404 123145431642112 "GET /department/ HTTP/1.1" 200 4119
INFO 2022-08-12 06:59:18,989 basehttp 38404 123145431642112 "GET /result/ HTTP/1.1" 200 3818
ERROR 2022-08-12 06:59:23,911 log 38404 123145431642112 Internal Server Error: /result/
Traceback (most recent call last):
  File "/Library/Frameworks/Python.framework/Versions/3.8/lib/python3.8/site-packages/django/db/backends/utils.py", line 87, in _execute
    return self.cursor.execute(sql)
  File "/Library/Frameworks/Python.framework/Versions/3.8/lib/python3.8/site-packages/django/db/backends/mysql/base.py", line 75, in execute
    return self.cursor.execute(query, args)
  File "/Library/Frameworks/Python.framework/Versions/3.8/lib/python3.8/site-packages/pymysql/cursors.py", line 148, in execute
    result = self._query(query)
  File "/Library/Frameworks/Python.framework/Versions/3.8/lib/python3.8/site-packages/pymysql/cursors.py", line 310, in _query
    conn.query(q)
  File "/Library/Frameworks/Python.framework/Versions/3.8/lib/python3.8/site-packages/pymysql/connections.py", line 548, in query
    self._affected_rows = self._read_query_result(unbuffered=unbuffered)
  File "/Library/Frameworks/Python.framework/Versions/3.8/lib/python3.8/site-packages/pymysql/connections.py", line 775, in _read_query_result
    result.read()
  File "/Library/Frameworks/Python.framework/Versions/3.8/lib/python3.8/site-packages/pymysql/connections.py", line 1156, in read
    first_packet = self.connection._read_packet()
  File "/Library/Frameworks/Python.framework/Versions/3.8/lib/python3.8/site-packages/pymysql/connections.py", line 725, in _read_packet
    packet.raise_for_error()
  File "/Library/Frameworks/Python.framework/Versions/3.8/lib/python3.8/site-packages/pymysql/protocol.py", line 221, in raise_for_error
    err.raise_mysql_exception(self._data)
  File "/Library/Frameworks/Python.framework/Versions/3.8/lib/python3.8/site-packages/pymysql/err.py", line 143, in raise_mysql_exception
    raise errorclass(errno, errval)
pymysql.err.OperationalError: (1054, "Unknown column 'viswa' in 'where clause'")

The above exception was the direct cause of the following exception:

Traceback (most recent call last):
  File "/Library/Frameworks/Python.framework/Versions/3.8/lib/python3.8/site-packages/django/core/handlers/exception.py", line 55, in inner
    response = get_response(request)
  File "/Library/Frameworks/Python.framework/Versions/3.8/lib/python3.8/site-packages/django/core/handlers/base.py", line 197, in _get_response
    response = wrapped_callback(request, *callback_args, **callback_kwargs)
  File "/Users/vinay_ray/Desktop/P_P_VR/search/base/views.py", line 117, in result
    cursor.execute(sql)
  File "/Library/Frameworks/Python.framework/Versions/3.8/lib/python3.8/site-packages/django/db/backends/utils.py", line 103, in execute
    return super().execute(sql, params)
  File "/Library/Frameworks/Python.framework/Versions/3.8/lib/python3.8/site-packages/django/db/backends/utils.py", line 67, in execute
    return self._execute_with_wrappers(
  File "/Library/Frameworks/Python.framework/Versions/3.8/lib/python3.8/site-packages/django/db/backends/utils.py", line 80, in _execute_with_wrappers
    return executor(sql, params, many, context)
  File "/Library/Frameworks/Python.framework/Versions/3.8/lib/python3.8/site-packages/django/db/backends/utils.py", line 89, in _execute
    return self.cursor.execute(sql, params)
  File "/Library/Frameworks/Python.framework/Versions/3.8/lib/python3.8/site-packages/django/db/utils.py", line 91, in __exit__
    raise dj_exc_value.with_traceback(traceback) from exc_value
  File "/Library/Frameworks/Python.framework/Versions/3.8/lib/python3.8/site-packages/django/db/backends/utils.py", line 87, in _execute
    return self.cursor.execute(sql)
  File "/Library/Frameworks/Python.framework/Versions/3.8/lib/python3.8/site-packages/django/db/backends/mysql/base.py", line 75, in execute
    return self.cursor.execute(query, args)
  File "/Library/Frameworks/Python.framework/Versions/3.8/lib/python3.8/site-packages/pymysql/cursors.py", line 148, in execute
    result = self._query(query)
  File "/Library/Frameworks/Python.framework/Versions/3.8/lib/python3.8/site-packages/pymysql/cursors.py", line 310, in _query
    conn.query(q)
  File "/Library/Frameworks/Python.framework/Versions/3.8/lib/python3.8/site-packages/pymysql/connections.py", line 548, in query
    self._affected_rows = self._read_query_result(unbuffered=unbuffered)
  File "/Library/Frameworks/Python.framework/Versions/3.8/lib/python3.8/site-packages/pymysql/connections.py", line 775, in _read_query_result
    result.read()
  File "/Library/Frameworks/Python.framework/Versions/3.8/lib/python3.8/site-packages/pymysql/connections.py", line 1156, in read
    first_packet = self.connection._read_packet()
  File "/Library/Frameworks/Python.framework/Versions/3.8/lib/python3.8/site-packages/pymysql/connections.py", line 725, in _read_packet
    packet.raise_for_error()
  File "/Library/Frameworks/Python.framework/Versions/3.8/lib/python3.8/site-packages/pymysql/protocol.py", line 221, in raise_for_error
    err.raise_mysql_exception(self._data)
  File "/Library/Frameworks/Python.framework/Versions/3.8/lib/python3.8/site-packages/pymysql/err.py", line 143, in raise_mysql_exception
    raise errorclass(errno, errval)
django.db.utils.OperationalError: (1054, "Unknown column 'viswa' in 'where clause'")
ERROR 2022-08-12 06:59:23,913 basehttp 38404 123145431642112 "POST /result/ HTTP/1.1" 500 173052
INFO 2022-08-12 06:59:36,384 basehttp 38404 123145431642112 "POST /result/ HTTP/1.1" 200 3818
INFO 2022-08-12 06:59:41,132 basehttp 38404 123145431642112 "GET /employee/ HTTP/1.1" 200 5435
INFO 2022-08-12 06:59:51,360 basehttp 38404 123145431642112 "GET /result/ HTTP/1.1" 200 3818
INFO 2022-08-12 06:59:54,349 basehttp 38404 123145431642112 "POST /result/ HTTP/1.1" 200 4249
INFO 2022-08-12 07:00:11,397 basehttp 38404 123145431642112 "POST /result/ HTTP/1.1" 200 4249
INFO 2022-08-12 07:00:14,778 basehttp 38404 123145431642112 "GET /employee/ HTTP/1.1" 200 5435
INFO 2022-08-12 07:00:18,533 basehttp 38404 123145431642112 "GET /result/ HTTP/1.1" 200 3818
INFO 2022-08-12 07:00:22,677 basehttp 38404 123145431642112 "POST /result/ HTTP/1.1" 200 4248
INFO 2022-08-12 07:00:28,463 basehttp 38404 123145431642112 "POST /result/ HTTP/1.1" 200 4246
INFO 2022-08-12 07:00:34,466 basehttp 38404 123145431642112 "POST /result/ HTTP/1.1" 200 4248
INFO 2022-08-12 07:00:44,858 basehttp 38404 123145431642112 "GET /about/ HTTP/1.1" 200 7757
INFO 2022-08-12 07:00:47,391 basehttp 38404 123145431642112 "GET /department/ HTTP/1.1" 200 4119
INFO 2022-08-12 07:00:49,614 basehttp 38404 123145431642112 "GET /employee/ HTTP/1.1" 200 5435
INFO 2022-08-12 07:00:51,246 basehttp 38404 123145431642112 "GET /createEmployee/ HTTP/1.1" 200 3822
INFO 2022-08-12 07:00:53,533 basehttp 38404 123145431642112 "GET /employee/ HTTP/1.1" 200 5435
INFO 2022-08-12 07:00:56,030 basehttp 38404 123145431642112 "GET /about/ HTTP/1.1" 200 7757
INFO 2022-08-12 07:01:14,101 basehttp 38404 123145431642112 "GET /admin/auth/user/ HTTP/1.1" 302 0
INFO 2022-08-12 07:01:14,121 basehttp 38404 123145431642112 "GET /admin/login/?next=/admin/auth/user/ HTTP/1.1" 200 3196
INFO 2022-08-12 07:01:32,020 basehttp 38404 123145431642112 "POST /admin/login/?next=/admin/auth/user/ HTTP/1.1" 200 3519
INFO 2022-08-12 07:01:38,792 basehttp 38404 123145431642112 "GET /admin/login/?next=/admin/auth/user/ HTTP/1.1" 200 3196
INFO 2022-08-12 07:01:47,558 basehttp 38404 123145431642112 "GET /admin/auth/user/ HTTP/1.1" 302 0
INFO 2022-08-12 07:01:47,571 basehttp 38404 123145431642112 "GET /admin/login/?next=/admin/auth/user/ HTTP/1.1" 200 3196
INFO 2022-08-12 07:02:08,799 basehttp 38404 123145431642112 "GET /logout/ HTTP/1.1" 200 282
INFO 2022-08-12 07:02:34,644 basehttp 38404 123145431642112 "GET /logout/ HTTP/1.1" 200 282
INFO 2022-08-12 07:02:39,998 basehttp 38404 123145431642112 "GET /logout/ HTTP/1.1" 200 282
INFO 2022-08-12 07:02:42,770 basehttp 38404 123145431642112 "POST /logout/ HTTP/1.1" 302 0
INFO 2022-08-12 07:02:42,774 basehttp 38404 123145431642112 "GET /login HTTP/1.1" 301 0
INFO 2022-08-12 07:02:42,778 basehttp 38404 123145431642112 "GET /login/ HTTP/1.1" 200 2013
INFO 2022-08-12 07:02:48,073 basehttp 38404 123145431642112 "GET /logout/ HTTP/1.1" 200 89
INFO 2022-08-12 07:02:51,661 basehttp 38404 123145431642112 "GET /login/ HTTP/1.1" 200 2013
INFO 2022-08-12 19:13:54,440 autoreload 38404 4561368576 /Users/vinay_ray/Desktop/P_P_VR/search/base/views.py changed, reloading.
INFO 2022-08-12 19:13:55,230 autoreload 55699 4624340480 Watching for file changes with StatReloader
INFO 2022-08-12 19:15:29,726 autoreload 55757 4732274176 Watching for file changes with StatReloader
INFO 2022-08-18 23:48:48,082 autoreload 34425 4651681280 Watching for file changes with StatReloader
INFO 2022-08-18 23:49:02,911 basehttp 34425 123145579499520 "GET / HTTP/1.1" 200 2013
WARNING 2022-08-18 23:49:03,092 log 34425 123145579499520 Not Found: /favicon.ico
WARNING 2022-08-18 23:49:03,092 basehttp 34425 123145579499520 "GET /favicon.ico HTTP/1.1" 404 4411
INFO 2022-08-18 23:49:40,849 basehttp 34425 123145579499520 "POST / HTTP/1.1" 200 2118
INFO 2022-08-18 23:49:54,951 basehttp 34425 123145579499520 "POST / HTTP/1.1" 302 0
INFO 2022-08-18 23:49:54,956 basehttp 34425 123145579499520 "GET /home HTTP/1.1" 301 0
INFO 2022-08-18 23:49:54,986 basehttp 34425 123145579499520 "GET /home/ HTTP/1.1" 200 11110
INFO 2022-08-18 23:50:30,378 basehttp 34425 123145579499520 "GET /employee/ HTTP/1.1" 200 5434
INFO 2022-08-18 23:50:33,765 basehttp 34425 123145579499520 "GET /department/ HTTP/1.1" 200 4118
INFO 2022-08-18 23:50:44,045 basehttp 34425 123145579499520 "GET /department/ HTTP/1.1" 200 4118
INFO 2022-08-18 23:50:46,991 basehttp 34425 123145579499520 "GET /employee/ HTTP/1.1" 200 5434
INFO 2022-08-18 23:50:48,242 basehttp 34425 123145579499520 "GET /department/ HTTP/1.1" 200 4118
ERROR 2022-08-18 23:50:49,672 log 34425 123145579499520 Internal Server Error: /result/
Traceback (most recent call last):
  File "/Library/Frameworks/Python.framework/Versions/3.8/lib/python3.8/site-packages/django/core/handlers/exception.py", line 55, in inner
    response = get_response(request)
  File "/Library/Frameworks/Python.framework/Versions/3.8/lib/python3.8/site-packages/django/core/handlers/base.py", line 197, in _get_response
    response = wrapped_callback(request, *callback_args, **callback_kwargs)
  File "/Users/vinay_ray/Desktop/P_P_VR/search/base/views.py", line 113, in result
    q2 = q1.strip()
AttributeError: 'NoneType' object has no attribute 'strip'
ERROR 2022-08-18 23:50:49,673 basehttp 34425 123145579499520 "GET /result/ HTTP/1.1" 500 64001
INFO 2022-08-18 23:51:53,869 autoreload 34425 4651681280 /Users/vinay_ray/Desktop/P_P_VR/search/base/views.py changed, reloading.
INFO 2022-08-18 23:51:54,476 autoreload 34492 4806776320 Watching for file changes with StatReloader
INFO 2022-08-18 23:52:03,922 autoreload 34492 4806776320 /Users/vinay_ray/Desktop/P_P_VR/search/base/views.py changed, reloading.
INFO 2022-08-18 23:52:04,464 autoreload 34504 4590863872 Watching for file changes with StatReloader
INFO 2022-08-18 23:52:08,038 basehttp 34504 123145406464000 "GET /result/ HTTP/1.1" 200 3817
INFO 2022-08-18 23:52:13,363 basehttp 34504 123145406464000 "POST /result/ HTTP/1.1" 200 4249
INFO 2022-08-18 23:53:03,961 basehttp 34504 123145406464000 "GET /result/ HTTP/1.1" 200 3817
INFO 2022-08-18 23:53:06,384 basehttp 34504 123145406464000 "GET /about/ HTTP/1.1" 200 7756
INFO 2022-08-18 23:54:19,494 basehttp 34504 123145406464000 "GET /home/ HTTP/1.1" 200 11110
